============================= test session starts ==============================
platform linux -- Python 3.10.12, pytest-8.4.1, pluggy-1.6.0
rootdir: /home/user01/vibe-coding/StocksCursor
configfile: pytest.ini
plugins: anyio-4.4.0, asyncio-1.1.0
asyncio: mode=strict, asyncio_default_fixture_loop_scope=None, asyncio_default_test_loop_scope=function
collected 8 items

src/bot/tests/test_bot_admin.py ...F..F.                                 [100%]

=================================== FAILURES ===================================
________________ TestBotAdmin.test_admin_show_schedules_success ________________

self = <test_bot_admin.TestBotAdmin object at 0x7f3787507f70>
mock_get = <MagicMock name='get' id='139876468516816'>

>   ???
E   AssertionError: assert 'ğŸ“… **ìŠ¤ì¼€ì¤„ëŸ¬ ìƒíƒœ**' in '[ìŠ¤ì¼€ì¤„ëŸ¬ ìƒíƒœ]\n\nì‹¤í–‰ ìƒíƒœ: ì‹¤í–‰ì¤‘\në“±ë¡ëœ ì¡: 3ê°œ\n\nì¡ ID: sample_job\n  - ë‹¤ìŒ ì‹¤í–‰: 2025-01-20T10:01:00\n  - íŠ¸ë¦¬ê±°: interval[0:01:00]\n\n'

/app/src/bot/tests/test_bot_admin.py:123: AssertionError
________________ TestBotAdmin.test_admin_trigger_job_no_job_id _________________

self = <test_bot_admin.TestBotAdmin object at 0x7f37872f46a0>

>   ???
E   AssertionError: assert 'âŒ ì‚¬ìš©ë²•: /trigger_job <job_id>' in 'âŒ ì‚¬ìš©ë²•: /trigger_job job_id\nì˜ˆì‹œ: /trigger_job update_master_job'

/app/src/bot/tests/test_bot_admin.py:185: AssertionError
=========================== short test summary info ============================
FAILED src/bot/tests/test_bot_admin.py::TestBotAdmin::test_admin_show_schedules_success
FAILED src/bot/tests/test_bot_admin.py::TestBotAdmin::test_admin_trigger_job_no_job_id
========================= 2 failed, 6 passed in 0.76s ==========================
